{"timestamp": null, "level": null, "name": "heart_disease_api", "message": "Model loaded successfully from D:\\ESE\\PFA ESE\\assignment3\\outputs\\RandomForest.joblib"}
{"timestamp": null, "level": null, "name": "heart_disease_api", "message": "Model loaded successfully from D:\\ESE\\PFA ESE\\assignment3\\outputs\\RandomForest.joblib"}
{"timestamp": null, "level": null, "name": "heart_disease_api", "message": "Prediction failed: Specifying the columns using strings is only supported for dataframes."}
{"timestamp": null, "level": null, "name": "heart_disease_api", "message": "Model loaded successfully from D:\\ESE\\PFA ESE\\assignment3\\outputs\\RandomForest.joblib"}
{"timestamp": null, "level": null, "name": "heart_disease_api", "message": "Prediction failed: Specifying the columns using strings is only supported for dataframes."}
{"timestamp": null, "level": null, "name": "heart_disease_api", "message": "Prediction failed: Specifying the columns using strings is only supported for dataframes."}
{"timestamp": "2026-03-30T06:50:56.192775", "level": null, "name": "heart_disease_api", "message": "Error: PREDICTION_ERROR", "error_code": "PREDICTION_ERROR", "error_message": "Model prediction failed: Specifying the columns using strings is only supported for dataframes.", "details": {}}
{"timestamp": null, "level": null, "name": "heart_disease_api", "message": "Prediction failed: Specifying the columns using strings is only supported for dataframes."}
{"timestamp": "2026-03-30T06:50:56.199209", "level": null, "name": "heart_disease_api", "message": "Error: PREDICTION_ERROR", "error_code": "PREDICTION_ERROR", "error_message": "Model prediction failed: Specifying the columns using strings is only supported for dataframes.", "details": {}}
{"timestamp": null, "level": null, "name": "heart_disease_api", "message": "Prediction failed: Specifying the columns using strings is only supported for dataframes."}
{"timestamp": "2026-03-30T06:50:56.257273", "level": null, "name": "heart_disease_api", "message": "Error: PREDICTION_ERROR", "error_code": "PREDICTION_ERROR", "error_message": "Model prediction failed: Specifying the columns using strings is only supported for dataframes.", "details": {}}
{"timestamp": null, "level": null, "name": "heart_disease_api", "message": "Batch prediction failed: Specifying the columns using strings is only supported for dataframes."}
{"timestamp": "2026-03-30T06:50:56.299645", "level": null, "name": "heart_disease_api", "message": "Error: BATCH_PREDICTION_ERROR", "error_code": "BATCH_PREDICTION_ERROR", "error_message": "Batch prediction failed: Specifying the columns using strings is only supported for dataframes.", "details": {}}
{"timestamp": null, "level": null, "name": "heart_disease_api", "message": "Batch prediction failed: Specifying the columns using strings is only supported for dataframes."}
{"timestamp": "2026-03-30T06:50:56.334925", "level": null, "name": "heart_disease_api", "message": "Error: BATCH_PREDICTION_ERROR", "error_code": "BATCH_PREDICTION_ERROR", "error_message": "Batch prediction failed: Specifying the columns using strings is only supported for dataframes.", "details": {}}
{"timestamp": null, "level": null, "name": "heart_disease_api", "message": "Could not get feature importance: Model does not have feature importances"}
{"timestamp": null, "level": null, "name": "heart_disease_api", "message": "Prediction failed: Specifying the columns using strings is only supported for dataframes."}
{"timestamp": "2026-03-30T06:50:56.390772", "level": null, "name": "heart_disease_api", "message": "Error: PREDICTION_ERROR", "error_code": "PREDICTION_ERROR", "error_message": "Model prediction failed: Specifying the columns using strings is only supported for dataframes.", "details": {}}
{"timestamp": null, "level": null, "name": "heart_disease_api", "message": "Prediction failed: Specifying the columns using strings is only supported for dataframes."}
{"timestamp": "2026-03-30T06:50:56.394970", "level": null, "name": "heart_disease_api", "message": "Error: PREDICTION_ERROR", "error_code": "PREDICTION_ERROR", "error_message": "Model prediction failed: Specifying the columns using strings is only supported for dataframes.", "details": {}}
{"timestamp": null, "level": null, "name": "heart_disease_api", "message": "Model loaded successfully from D:\\ESE\\PFA ESE\\assignment3\\outputs\\RandomForest.joblib"}
{"timestamp": "2026-03-30T06:51:29.373628", "level": null, "name": "heart_disease_api", "message": "Prediction made", "patient_id": "f82bc2b4-bc57-43a8-8ca9-4358715c1a41", "prediction": 0, "confidence": 0.6112469437104937, "processing_time_ms": 1743.3197498321533, "accepted": false}
{"timestamp": null, "level": null, "name": "heart_disease_api", "message": "Model loaded successfully from D:\\ESE\\PFA ESE\\assignment3\\outputs\\RandomForest.joblib"}
{"timestamp": "2026-03-30T06:51:43.430674", "level": null, "name": "heart_disease_api", "message": "Prediction made", "patient_id": "70d4c6e8-9432-40e9-b174-6ee593fa802c", "prediction": 0, "confidence": 0.6112469437104936, "processing_time_ms": 37.48607635498047, "accepted": false}
{"timestamp": "2026-03-30T06:51:43.481012", "level": null, "name": "heart_disease_api", "message": "Prediction made", "patient_id": "76583bfc-45db-474f-97f5-156ec224eafc", "prediction": 1, "confidence": 0.9186116669269387, "processing_time_ms": 44.9678897857666, "accepted": true}
{"timestamp": "2026-03-30T06:51:43.551219", "level": null, "name": "heart_disease_api", "message": "Prediction made", "patient_id": "9ed5d7a4-5edb-460c-93c2-e65bbab3f4f4", "prediction": 0, "confidence": 0.6507198454613882, "processing_time_ms": 47.98078536987305, "accepted": false}
{"timestamp": null, "level": null, "name": "heart_disease_api", "message": "Batch prediction completed: b1adbdac-789a-40c7-9fa7-f65cf3e04c50", "batch_id": "b1adbdac-789a-40c7-9fa7-f65cf3e04c50", "total_patients": 2, "accepted": 1, "deferred": 1, "total_time_ms": 33.60438346862793}
{"timestamp": null, "level": null, "name": "heart_disease_api", "message": "Batch prediction completed: 21e816c3-8993-42bf-9b71-c9e55af44947", "batch_id": "21e816c3-8993-42bf-9b71-c9e55af44947", "total_patients": 100, "accepted": 20, "deferred": 80, "total_time_ms": 48.72417449951172}
{"timestamp": null, "level": null, "name": "heart_disease_api", "message": "Could not get feature importance: Model does not have feature importances"}
{"timestamp": "2026-03-30T06:51:43.770663", "level": null, "name": "heart_disease_api", "message": "Prediction made", "patient_id": "4338ddfe-fc8d-405a-9d89-86dee0819b63", "prediction": 0, "confidence": 0.6112469437104937, "processing_time_ms": 62.20674514770508, "accepted": false}
{"timestamp": "2026-03-30T06:51:43.850226", "level": null, "name": "heart_disease_api", "message": "Prediction made", "patient_id": "2fa4b987-f4c6-4fa4-a46b-3b37b698f3f6", "prediction": 0, "confidence": 0.6112469437104937, "processing_time_ms": 64.47291374206543, "accepted": false}
