{"timestamp": null, "level": null, "name": "heart_disease_api", "message": "Model loaded successfully from D:\\ESE\\PFA ESE\\assignment3\\outputs\\RandomForest.joblib"}
{"timestamp": null, "level": null, "name": "heart_disease_api", "message": "Model loaded successfully from D:\\ESE\\PFA ESE\\assignment3\\outputs\\RandomForest.joblib"}
{"timestamp": null, "level": null, "name": "heart_disease_api", "message": "Prediction failed: Specifying the columns using strings is only supported for dataframes."}
{"timestamp": null, "level": null, "name": "heart_disease_api", "message": "Model loaded successfully from D:\\ESE\\PFA ESE\\assignment3\\outputs\\RandomForest.joblib"}
{"timestamp": null, "level": null, "name": "heart_disease_api", "message": "Prediction failed: Specifying the columns using strings is only supported for dataframes."}
{"timestamp": null, "level": null, "name": "heart_disease_api", "message": "Prediction failed: Specifying the columns using strings is only supported for dataframes."}
{"timestamp": "2026-03-30T06:50:56.192775", "level": null, "name": "heart_disease_api", "message": "Error: PREDICTION_ERROR", "error_code": "PREDICTION_ERROR", "error_message": "Model prediction failed: Specifying the columns using strings is only supported for dataframes.", "details": {}}
{"timestamp": null, "level": null, "name": "heart_disease_api", "message": "Prediction failed: Specifying the columns using strings is only supported for dataframes."}
{"timestamp": "2026-03-30T06:50:56.199209", "level": null, "name": "heart_disease_api", "message": "Error: PREDICTION_ERROR", "error_code": "PREDICTION_ERROR", "error_message": "Model prediction failed: Specifying the columns using strings is only supported for dataframes.", "details": {}}
{"timestamp": null, "level": null, "name": "heart_disease_api", "message": "Prediction failed: Specifying the columns using strings is only supported for dataframes."}
{"timestamp": "2026-03-30T06:50:56.257273", "level": null, "name": "heart_disease_api", "message": "Error: PREDICTION_ERROR", "error_code": "PREDICTION_ERROR", "error_message": "Model prediction failed: Specifying the columns using strings is only supported for dataframes.", "details": {}}
{"timestamp": null, "level": null, "name": "heart_disease_api", "message": "Batch prediction failed: Specifying the columns using strings is only supported for dataframes."}
{"timestamp": "2026-03-30T06:50:56.299645", "level": null, "name": "heart_disease_api", "message": "Error: BATCH_PREDICTION_ERROR", "error_code": "BATCH_PREDICTION_ERROR", "error_message": "Batch prediction failed: Specifying the columns using strings is only supported for dataframes.", "details": {}}
{"timestamp": null, "level": null, "name": "heart_disease_api", "message": "Batch prediction failed: Specifying the columns using strings is only supported for dataframes."}
{"timestamp": "2026-03-30T06:50:56.334925", "level": null, "name": "heart_disease_api", "message": "Error: BATCH_PREDICTION_ERROR", "error_code": "BATCH_PREDICTION_ERROR", "error_message": "Batch prediction failed: Specifying the columns using strings is only supported for dataframes.", "details": {}}
{"timestamp": null, "level": null, "name": "heart_disease_api", "message": "Could not get feature importance: Model does not have feature importances"}
{"timestamp": null, "level": null, "name": "heart_disease_api", "message": "Prediction failed: Specifying the columns using strings is only supported for dataframes."}
{"timestamp": "2026-03-30T06:50:56.390772", "level": null, "name": "heart_disease_api", "message": "Error: PREDICTION_ERROR", "error_code": "PREDICTION_ERROR", "error_message": "Model prediction failed: Specifying the columns using strings is only supported for dataframes.", "details": {}}
{"timestamp": null, "level": null, "name": "heart_disease_api", "message": "Prediction failed: Specifying the columns using strings is only supported for dataframes."}
{"timestamp": "2026-03-30T06:50:56.394970", "level": null, "name": "heart_disease_api", "message": "Error: PREDICTION_ERROR", "error_code": "PREDICTION_ERROR", "error_message": "Model prediction failed: Specifying the columns using strings is only supported for dataframes.", "details": {}}
{"timestamp": null, "level": null, "name": "heart_disease_api", "message": "Model loaded successfully from D:\\ESE\\PFA ESE\\assignment3\\outputs\\RandomForest.joblib"}
{"timestamp": "2026-03-30T06:51:29.373628", "level": null, "name": "heart_disease_api", "message": "Prediction made", "patient_id": "f82bc2b4-bc57-43a8-8ca9-4358715c1a41", "prediction": 0, "confidence": 0.6112469437104937, "processing_time_ms": 1743.3197498321533, "accepted": false}
{"timestamp": null, "level": null, "name": "heart_disease_api", "message": "Model loaded successfully from D:\\ESE\\PFA ESE\\assignment3\\outputs\\RandomForest.joblib"}
{"timestamp": "2026-03-30T06:51:43.430674", "level": null, "name": "heart_disease_api", "message": "Prediction made", "patient_id": "70d4c6e8-9432-40e9-b174-6ee593fa802c", "prediction": 0, "confidence": 0.6112469437104936, "processing_time_ms": 37.48607635498047, "accepted": false}
{"timestamp": "2026-03-30T06:51:43.481012", "level": null, "name": "heart_disease_api", "message": "Prediction made", "patient_id": "76583bfc-45db-474f-97f5-156ec224eafc", "prediction": 1, "confidence": 0.9186116669269387, "processing_time_ms": 44.9678897857666, "accepted": true}
{"timestamp": "2026-03-30T06:51:43.551219", "level": null, "name": "heart_disease_api", "message": "Prediction made", "patient_id": "9ed5d7a4-5edb-460c-93c2-e65bbab3f4f4", "prediction": 0, "confidence": 0.6507198454613882, "processing_time_ms": 47.98078536987305, "accepted": false}
{"timestamp": null, "level": null, "name": "heart_disease_api", "message": "Batch prediction completed: b1adbdac-789a-40c7-9fa7-f65cf3e04c50", "batch_id": "b1adbdac-789a-40c7-9fa7-f65cf3e04c50", "total_patients": 2, "accepted": 1, "deferred": 1, "total_time_ms": 33.60438346862793}
{"timestamp": null, "level": null, "name": "heart_disease_api", "message": "Batch prediction completed: 21e816c3-8993-42bf-9b71-c9e55af44947", "batch_id": "21e816c3-8993-42bf-9b71-c9e55af44947", "total_patients": 100, "accepted": 20, "deferred": 80, "total_time_ms": 48.72417449951172}
{"timestamp": null, "level": null, "name": "heart_disease_api", "message": "Could not get feature importance: Model does not have feature importances"}
{"timestamp": "2026-03-30T06:51:43.770663", "level": null, "name": "heart_disease_api", "message": "Prediction made", "patient_id": "4338ddfe-fc8d-405a-9d89-86dee0819b63", "prediction": 0, "confidence": 0.6112469437104937, "processing_time_ms": 62.20674514770508, "accepted": false}
{"timestamp": "2026-03-30T06:51:43.850226", "level": null, "name": "heart_disease_api", "message": "Prediction made", "patient_id": "2fa4b987-f4c6-4fa4-a46b-3b37b698f3f6", "prediction": 0, "confidence": 0.6112469437104937, "processing_time_ms": 64.47291374206543, "accepted": false}
{"timestamp": null, "level": null, "name": "heart_disease_api", "message": "Model loaded successfully from C:\\Users\\hp\\OneDrive\\Desktop\\PFA-ESE\\models\\RandomForest.joblib"}
{"timestamp": "2026-04-26T16:28:15.240978", "level": null, "name": "heart_disease_api", "message": "Prediction made", "patient_id": "64ee6a49-a446-418c-90d9-1876a807dd70", "prediction": 0, "confidence": 0.6112469437104936, "processing_time_ms": 183.6719512939453, "accepted": false}
{"timestamp": "2026-04-26T16:28:15.448850", "level": null, "name": "heart_disease_api", "message": "Prediction made", "patient_id": "60f419ee-ac00-4408-8eb8-308f91e5d846", "prediction": 1, "confidence": 0.9186116669269385, "processing_time_ms": 189.35108184814453, "accepted": true}
{"timestamp": "2026-04-26T16:28:15.702088", "level": null, "name": "heart_disease_api", "message": "Prediction made", "patient_id": "790f4076-9def-49ea-927e-e3f2cc8d8162", "prediction": 0, "confidence": 0.6507198454613882, "processing_time_ms": 178.96056175231934, "accepted": false}
{"timestamp": null, "level": null, "name": "heart_disease_api", "message": "Batch prediction completed: c9e23dbc-51b6-4fa3-b9a4-bc6166e5681b", "batch_id": "c9e23dbc-51b6-4fa3-b9a4-bc6166e5681b", "total_patients": 2, "accepted": 1, "deferred": 1, "total_time_ms": 178.73382568359375}
{"timestamp": null, "level": null, "name": "heart_disease_api", "message": "Batch prediction completed: c23383cc-22cf-4b2f-9a35-da45f0cbdeea", "batch_id": "c23383cc-22cf-4b2f-9a35-da45f0cbdeea", "total_patients": 100, "accepted": 20, "deferred": 80, "total_time_ms": 192.60406494140625}
{"timestamp": null, "level": null, "name": "heart_disease_api", "message": "Could not get feature importance: Model does not have feature importances"}
{"timestamp": "2026-04-26T16:28:16.395949", "level": null, "name": "heart_disease_api", "message": "Prediction made", "patient_id": "e0fd034e-fe94-4be9-a6cc-0f1ea75ef344", "prediction": 0, "confidence": 0.6112469437104936, "processing_time_ms": 173.09236526489258, "accepted": false}
{"timestamp": "2026-04-26T16:28:16.574491", "level": null, "name": "heart_disease_api", "message": "Prediction made", "patient_id": "4743c43f-0bd2-44f0-9e78-f14903d21a03", "prediction": 0, "confidence": 0.6112469437104937, "processing_time_ms": 169.34537887573242, "accepted": false}
{"timestamp": null, "level": null, "name": "heart_disease_api", "message": "Model loaded successfully from C:\\Users\\hp\\OneDrive\\Desktop\\PFA-ESE\\models\\RandomForest.joblib"}
{"timestamp": "2026-04-26T16:28:47.181801", "level": null, "name": "heart_disease_api", "message": "Prediction made", "patient_id": "4270b898-c181-45dc-abbd-5462530e936e", "prediction": 0, "confidence": 0.6112469437104936, "processing_time_ms": 128.19457054138184, "accepted": false}
{"timestamp": "2026-04-26T16:28:47.318908", "level": null, "name": "heart_disease_api", "message": "Prediction made", "patient_id": "8920e76b-05bb-4270-8142-5de4ac3b463c", "prediction": 1, "confidence": 0.9186116669269385, "processing_time_ms": 124.80020523071289, "accepted": true}
{"timestamp": "2026-04-26T16:28:47.509453", "level": null, "name": "heart_disease_api", "message": "Prediction made", "patient_id": "e74a8e00-6ce6-4cb6-93b0-051bc88dd221", "prediction": 0, "confidence": 0.6507198454613882, "processing_time_ms": 137.71367073059082, "accepted": false}
{"timestamp": null, "level": null, "name": "heart_disease_api", "message": "Batch prediction completed: fd4411ec-6880-4364-9bd3-9d54aa201fa4", "batch_id": "fd4411ec-6880-4364-9bd3-9d54aa201fa4", "total_patients": 2, "accepted": 1, "deferred": 1, "total_time_ms": 132.34806060791016}
{"timestamp": null, "level": null, "name": "heart_disease_api", "message": "Batch prediction completed: 6d1c9f35-0319-4dbb-aa6f-1ffa2f480b71", "batch_id": "6d1c9f35-0319-4dbb-aa6f-1ffa2f480b71", "total_patients": 100, "accepted": 20, "deferred": 80, "total_time_ms": 130.56206703186035}
{"timestamp": null, "level": null, "name": "heart_disease_api", "message": "Could not get feature importance: Model does not have feature importances"}
{"timestamp": "2026-04-26T16:28:48.019060", "level": null, "name": "heart_disease_api", "message": "Prediction made", "patient_id": "5743d121-ff47-414f-af3b-0cf01d2b56e5", "prediction": 0, "confidence": 0.6112469437104936, "processing_time_ms": 136.5063190460205, "accepted": false}
{"timestamp": "2026-04-26T16:28:48.156194", "level": null, "name": "heart_disease_api", "message": "Prediction made", "patient_id": "fe7205fe-f629-4e63-aac9-f05464f6c1c3", "prediction": 0, "confidence": 0.6112469437104937, "processing_time_ms": 130.34415245056152, "accepted": false}
{"timestamp": null, "level": null, "name": "heart_disease_api", "message": "Model loaded successfully from C:\\Users\\hp\\OneDrive\\Desktop\\PFA-ESE\\models\\RandomForest.joblib"}
{"timestamp": "2026-04-26T17:02:47.128458", "level": null, "name": "heart_disease_api", "message": "Prediction made", "patient_id": "caa863c0-2a84-4cf0-8792-81469888af56", "prediction": 0, "confidence": 0.6112469437104936, "processing_time_ms": 88.77396583557129, "accepted": false}
{"timestamp": "2026-04-26T17:02:47.228806", "level": null, "name": "heart_disease_api", "message": "Prediction made", "patient_id": "58ac6ea3-5fae-4ed6-b11f-5fe33c0bc115", "prediction": 1, "confidence": 0.9186116669269385, "processing_time_ms": 87.93997764587402, "accepted": true}
{"timestamp": "2026-04-26T17:02:47.351298", "level": null, "name": "heart_disease_api", "message": "Prediction made", "patient_id": "6812884e-6da0-4046-8c05-1dcdfb75a62c", "prediction": 0, "confidence": 0.6507198454613882, "processing_time_ms": 86.22169494628906, "accepted": false}
{"timestamp": null, "level": null, "name": "heart_disease_api", "message": "Batch prediction completed: ad6432b8-6b39-4cd1-b3b2-74e3a307d47f", "batch_id": "ad6432b8-6b39-4cd1-b3b2-74e3a307d47f", "total_patients": 2, "accepted": 1, "deferred": 1, "total_time_ms": 85.63494682312012}
{"timestamp": null, "level": null, "name": "heart_disease_api", "message": "Batch prediction completed: 49d29508-03b0-455e-b206-ceda83acbf10", "batch_id": "49d29508-03b0-455e-b206-ceda83acbf10", "total_patients": 100, "accepted": 20, "deferred": 80, "total_time_ms": 87.52059936523438}
{"timestamp": null, "level": null, "name": "heart_disease_api", "message": "Could not get feature importance: Model does not have feature importances"}
{"timestamp": "2026-04-26T17:02:47.684012", "level": null, "name": "heart_disease_api", "message": "Prediction made", "patient_id": "fc00d985-88c7-4a6a-accf-0a890fc90c05", "prediction": 0, "confidence": 0.6112469437104937, "processing_time_ms": 88.62805366516113, "accepted": false}
{"timestamp": "2026-04-26T17:02:47.775327", "level": null, "name": "heart_disease_api", "message": "Prediction made", "patient_id": "964e7037-194c-4ce4-b4be-4a9d5783ffca", "prediction": 0, "confidence": 0.6112469437104936, "processing_time_ms": 86.4102840423584, "accepted": false}
